#
# A fatal error has been detected by the Java Runtime Environment:
#
#  EXCEPTION_ACCESS_VIOLATION (0xc0000005) at pc=0x00007ffe54f12abb, pid=10552, tid=4984
#
# JRE version: OpenJDK Runtime Environment (24.0.2+12) (build 24.0.2+12-54)
# Java VM: OpenJDK 64-Bit Server VM (24.0.2+12-54, mixed mode, sharing, tiered, compressed oops, compressed class ptrs, g1 gc, windows-amd64)
# Problematic frame:
# C  [libasyncProfiler.dll+0x92abb]
#
# No core dump will be written. Minidumps are not enabled by default on client versions of Windows
#
# JFR recording file will be written. Location: C:\Users\alesancor7\Documents\GitHub\Acceso_A_Datos\Unit2\Ejercicio5.4-1\hs_err_pid10552.jfr
#
# If you would like to submit a bug report, please visit:
#   https://bugreport.java.com/bugreport/crash.jsp
# The crash happened outside the Java Virtual Machine in native code.
# See problematic frame for where to report the bug.
#

---------------  S U M M A R Y ------------

Command Line: -javaagent:C:\Program Files (x86)\JetBrains\IntelliJ IDEA 2024.2.4\lib\idea_rt.jar=58881:C:\Program Files (x86)\JetBrains\IntelliJ IDEA 2024.2.4\bin -Dfile.encoding=UTF-8 -Dsun.stdout.encoding=UTF-8 -Dsun.stderr.encoding=UTF-8 Notepad

Host: Intel(R) Core(TM) i5-4590 CPU @ 3.30GHz, 4 cores, 15G,  Windows 11 , 64 bit Build 26100 (10.0.26100.5074)
Time: Wed Oct  1 19:38:58 2025 Hora de verano romance elapsed time: 6.511049 seconds (0d 0h 0m 6s)

---------------  T H R E A D  ---------------

Current thread (0x0000020dffe8f240):  JavaThread "Attach Listener" daemon [_thread_in_native, id=4984, stack(0x0000008f00800000,0x0000008f00900000) (1024K)]

Stack: [0x0000008f00800000,0x0000008f00900000],  sp=0x0000008f008fedb0,  free space=1019k
Native frames: (J=compiled Java code, j=interpreted, Vv=VM code, C=native code)
C  [libasyncProfiler.dll+0x92abb]  (no source info available)
C  [libasyncProfiler.dll+0x92f9b]  (no source info available)
C  [libasyncProfiler.dll+0x91bf4]  (no source info available)
C  [libasyncProfiler.dll+0x92479]  (no source info available)
C  [libasyncProfiler.dll+0x8d061]  (no source info available)
C  [libasyncProfiler.dll+0x7e841]  (no source info available)
C  [libasyncProfiler.dll+0x7d528]  (no source info available)
C  [libasyncProfiler.dll+0x7d418]  (no source info available)
C  [libasyncProfiler.dll+0x844ca]  (no source info available)
V  [jvm.dll+0x57ef37]  (no source info available)
V  [jvm.dll+0x57fcdc]  (no source info available)
V  [jvm.dll+0x14c8f7]  (no source info available)
V  [jvm.dll+0x14deb1]  (no source info available)
V  [jvm.dll+0x42f396]  (no source info available)
V  [jvm.dll+0x87d9eb]  (no source info available)
V  [jvm.dll+0x72ef45]  (no source info available)
C  [ucrtbase.dll+0x37b0]  (no source info available)
C  [KERNEL32.DLL+0x2e8d7]  (no source info available)
C  [ntdll.dll+0x8d9c]  (no source info available)


siginfo: EXCEPTION_ACCESS_VIOLATION (0xc0000005), reading address 0xffffffffffffffff


Registers:
RAX=0x0000000000000010, RBX=0x0000000000000000, RCX=0xffffffffffffffff, RDX=0x007ffe3ea1301010
RSP=0x0000008f008fedb0, RBP=0x0000020dcc00cfb0, RSI=0x0000008f008fef18, RDI=0x0000020dcc00cfb0
R8 =0x0000000000000042, R9 =0x0000000711801ed8, R10=0x00007ffe3ec89ff0, R11=0x0000000000000002
R12=0x0000008f008fef18, R13=0x0000020dcc625e00, R14=0x0000020dffe8f608, R15=0x0000020dffe8f608
RIP=0x00007ffe54f12abb, EFLAGS=0x0000000000010202

XMM[0]=0x0000000000000000 0x0000000000000000
XMM[1]=0x0000000000000000 0x0000000000000000
XMM[2]=0x0000000000000000 0x0000000000000000
XMM[3]=0x0000000000000000 0x0000000000000000
XMM[4]=0x0000000000000000 0x0000000000000000
XMM[5]=0x0000000000000000 0x0000000000000000
XMM[6]=0x0000000000000000 0x0000000000000000
XMM[7]=0x0000000000000000 0x0000000000000000
XMM[8]=0x0000000000000000 0x0000000000000000
XMM[9]=0x0000000000000000 0x0000000000000000
XMM[10]=0x0000000000000000 0x0000000000000000
XMM[11]=0x0000000000000000 0x0000000000000000
XMM[12]=0x0000000000000000 0x0000000000000000
XMM[13]=0x0000000000000000 0x0000000000000000
XMM[14]=0x0000000000000000 0x0000000000000000
XMM[15]=0x0000000000000000 0x0000000000000000
  MXCSR=0x00001fa0


Register to memory mapping:

RAX=0x0000000000000010 is an unknown value
RBX=0x0 is null
RCX=0xffffffffffffffff is an unknown value
RDX=0x007ffe3ea1301010 is an unknown value
RSP=0x0000008f008fedb0 is pointing into the stack for thread: 0x0000020dffe8f240
RBP=0x0000020dcc00cfb0 points into unknown readable memory: 0x0000000711801ed8 | d8 1e 80 11 07 00 00 00
RSI=0x0000008f008fef18 is pointing into the stack for thread: 0x0000020dffe8f240
RDI=0x0000020dcc00cfb0 points into unknown readable memory: 0x0000000711801ed8 | d8 1e 80 11 07 00 00 00
R8 =0x0000000000000042 is an unknown value
R9 =0x0000000711801ed8 is an oop: java.lang.Thread 
{0x0000000711801ed8} - klass: 'java/lang/Thread' - flags: 

 - ---- fields (total size 14 words):
 - 'threadLocalRandomProbe' 'I' @12  0 (0x00000000)
 - private volatile 'eetop' 'J' @16  2258741725168 (0x0000020de77f87f0)
 - private final 'tid' 'J' @24  3 (0x0000000000000003)
 - 'threadLocalRandomSeed' 'J' @32  0 (0x0000000000000000)
 - injected 'jvmti_thread_state' 'J' @40  2258285391888 (0x0000020dcc4c7010)
 - 'threadLocalRandomSecondarySeed' 'I' @48  0 (0x00000000)
 - injected 'jvmti_VTMS_transition_disable_count' 'I' @52  0 (0x00000000)
 - injected 'jfr_epoch' 'S' @56  0 (0x0000)
 - volatile 'interrupted' 'Z' @58  false (0x00)
 - injected 'jvmti_is_in_VTMS_transition' 'Z' @59  false (0x00)
 - private volatile 'name' 'Ljava/lang/String;' @60  "main"{0x0000000711801f48} (0xe23003e9)
 - private volatile 'contextClassLoader' 'Ljava/lang/ClassLoader;' @64  a 'jdk/internal/loader/ClassLoaders$AppClassLoader'{0x0000000711815dd8} (0xe2302bbb)
 - private final 'holder' 'Ljava/lang/Thread$FieldHolder;' @68  a 'java/lang/Thread$FieldHolder'{0x0000000711801f88} (0xe23003f1)
 - 'threadLocals' 'Ljava/lang/ThreadLocal$ThreadLocalMap;' @72  a 'java/lang/ThreadLocal$ThreadLocalMap'{0x00000007116a4ca8} (0xe22d4995)
 - 'inheritableThreadLocals' 'Ljava/lang/ThreadLocal$ThreadLocalMap;' @76  null (0x00000000)
 - private 'scopedValueBindings' 'Ljava/lang/Object;' @80  a 'java/lang/Class'{0x00000007ffe7c2c8} = 'java/lang/Thread' (0xfffcf859)
 - final 'interruptLock' 'Ljava/lang/Object;' @84  a 'java/lang/Object'{0x0000000711801f78} (0xe23003ef)
 - private volatile 'parkBlocker' 'Ljava/lang/Object;' @88  null (0x00000000)
 - private 'nioBlocker' 'Lsun/nio/ch/Interruptible;' @92  null (0x00000000)
 - private 'cont' 'Ljdk/internal/vm/Continuation;' @96  null (0x00000000)
 - private volatile 'uncaughtExceptionHandler' 'Ljava/lang/Thread$UncaughtExceptionHandler;' @100  null (0x00000000)
 - private 'container' 'Ljdk/internal/vm/ThreadContainer;' @104  null (0x00000000)
 - private volatile 'headStackableScopes' 'Ljdk/internal/vm/StackableScope;' @108  null (0x00000000)
R10=0x00007ffe3ec89ff0 jvm.dll
R11=0x0000000000000002 is an unknown value
R12=0x0000008f008fef18 is pointing into the stack for thread: 0x0000020dffe8f240
R13=0x0000020dcc625e00 points into unknown readable memory: 0x00007ffe3ebfa510 | 10 a5 bf 3e fe 7f 00 00
R14=0x0000020dffe8f608 points into unknown readable memory: 0x00007ffe3ebf17b0 | b0 17 bf 3e fe 7f 00 00
R15=0x0000020dffe8f608 points into unknown readable memory: 0x00007ffe3ebf17b0 | b0 17 bf 3e fe 7f 00 00

Top of Stack: (sp=0x0000008f008fedb0)
0x0000008f008fedb0:   0000008f008fef18 0000020dcc00cfb0   ................
0x0000008f008fedc0:   0000000000000000 0000020dffe945d0   .........E......
0x0000008f008fedd0:   000000000000001d 00007ffe54f12f9b   ........./.T....
0x0000008f008fede0:   0000000000000000 0000020dffe8f608   ................
0x0000008f008fedf0:   0000008f008fef01 0000000000000000   ................
0x0000008f008fee00:   0000020dcc383bc0 00007ffe54f11bf4   .;8........T....
0x0000008f008fee10:   0000000000000000 000000000000001d   ................
0x0000008f008fee20:   0000000000000000 000000000000001d   ................
0x0000008f008fee30:   0000000e00000002 0000020dcc7c8da0   ..........|.....
0x0000008f008fee40:   0000020dcc383bc0 0000020dcc383c34   .;8.....4<8.....
0x0000008f008fee50:   0000020dcc383c68 0000000000003370   h<8.....p3......
0x0000008f008fee60:   0000000000000000 0000000000000000   ................
0x0000008f008fee70:   0000000000000000 00007ffe3e455714   .........WE>....
0x0000008f008fee80:   00007ffe55055c80 0000000000002938   .\.U....8)......
0x0000008f008fee90:   00007ffe55055c80 00000000ffffffff   .\.U............
0x0000008f008feea0:   0000000000000000 00007ffe54f12479   ........y$.T....
0x0000008f008feeb0:   0000020dffe8f608 0000000000000000   ................
0x0000008f008feec0:   0000008f008fef29 0000020dcc625e00   )........^b.....
0x0000008f008feed0:   0000000000000004 0000000000000048   ........H.......
0x0000008f008feee0:   0000000800800310 0000020dffe8f608   ................
0x0000008f008feef0:   0000020dffd43001 00007ffe55055c80   .0.......\.U....
0x0000008f008fef00:   0000020dffd43040 0000020dcc4c7010   @0.......pL.....
0x0000008f008fef10:   0000000800800390 0000020dcea2b9e0   ................
0x0000008f008fef20:   0000020dcea2bd80 0000020dcea2bd80   ................
0x0000008f008fef30:   0000020dffe8f608 00007ffe55055c80   .........\.U....
0x0000008f008fef40:   0000020dcc341378 0000008f008ff0b8   x.4.............
0x0000008f008fef50:   0000008f008ff1f0 0000000000008840   ........@.......
0x0000008f008fef60:   0000008f008ff4e0 00007ffe55055cd0   .........\.U....
0x0000008f008fef70:   0000000000989680 0000000000989680   ................
0x0000008f008fef80:   0000008f008ff090 00007ffe54f0d061   ........a..T....
0x0000008f008fef90:   00007ffe55055c80 00007ffe55055cd8   .\.U.....\.U....
0x0000008f008fefa0:   00007ffe00000000 00007ffe00000001   ................

Instructions: (pc=0x00007ffe54f12abb)
  0x00007ffe54f129bb:   cc cc cc cc cc cc cc cc cc cc cc cc cc cc cc cc
  0x00007ffe54f129cb:   cc cc cc cc cc cc cc cc cc cc cc cc cc cc cc cc
  0x00007ffe54f129db:   cc cc cc cc cc cc cc cc cc cc cc cc cc cc cc cc
  0x00007ffe54f129eb:   cc cc cc cc cc cc cc cc cc cc cc cc cc cc cc cc
  0x00007ffe54f129fb:   cc cc cc cc cc cc cc cc cc cc cc cc cc cc cc cc
  0x00007ffe54f12a0b:   cc cc cc cc cc cc cc cc cc cc cc cc cc cc cc cc
  0x00007ffe54f12a1b:   cc cc cc cc cc cc cc cc cc cc cc cc cc cc cc cc
  0x00007ffe54f12a2b:   cc cc cc cc cc cc cc cc cc cc cc cc cc cc cc cc
  0x00007ffe54f12a3b:   cc cc cc cc cc cc cc cc cc cc cc cc cc cc cc cc
  0x00007ffe54f12a4b:   cc cc cc cc cc 48 89 5c 24 08 57 48 83 ec 20 48
  0x00007ffe54f12a5b:   8b f9 48 8d 54 24 38 48 8b 0d e7 33 14 00 41 b8
  0x00007ffe54f12a6b:   06 00 01 00 48 8b 01 4c 8b 48 30 41 ff d1 4c 8b
  0x00007ffe54f12a7b:   05 e0 34 14 00 33 c9 85 c0 48 0f 44 4c 24 38 4d
  0x00007ffe54f12a8b:   85 c0 74 4a 48 8b 01 48 8b d7 4c 8b 88 28 03 00
  0x00007ffe54f12a9b:   00 41 ff d1 48 85 c0 74 35 48 63 0d 01 f3 13 00
  0x00007ffe54f12aab:   48 8b 14 01 48 85 d2 74 15 48 63 05 05 f3 13 00
=>0x00007ffe54f12abb:   8b 04 10 48 8b 5c 24 30 48 83 c4 20 5f c3 b8 ff
  0x00007ffe54f12acb:   ff ff ff 48 8b 5c 24 30 48 83 c4 20 5f c3 80 3d
  0x00007ffe54f12adb:   84 33 14 00 00 bb ff ff ff ff 74 20 4c 8b 0d 2a
  0x00007ffe54f12aeb:   30 14 00 4c 8d 44 24 38 48 8b 0d 0e 30 14 00 48
  0x00007ffe54f12afb:   8b d7 41 ff d1 85 c0 0f 44 5c 24 38 8b c3 48 8b
  0x00007ffe54f12b0b:   5c 24 30 48 83 c4 20 5f c3 cc cc cc cc cc cc cc
  0x00007ffe54f12b1b:   cc cc cc cc cc cc cc cc cc cc cc cc cc cc cc cc
  0x00007ffe54f12b2b:   cc cc cc cc cc cc cc cc cc cc cc cc cc cc cc cc
  0x00007ffe54f12b3b:   cc cc cc cc cc cc cc cc cc cc cc cc cc cc cc cc
  0x00007ffe54f12b4b:   cc cc cc cc cc 48 89 54 24 10 53 55 56 57 41 56
  0x00007ffe54f12b5b:   41 57 48 83 ec 28 48 8b f2 4c 8b f1 48 89 4c 24
  0x00007ffe54f12b6b:   78 45 33 ff 44 89 7c 24 68 c7 44 24 60 01 00 00
  0x00007ffe54f12b7b:   00 48 8d 4c 24 68 e8 88 3f f7 ff 8b d8 48 8d 4c
  0x00007ffe54f12b8b:   24 60 e8 7c 3f f7 ff 8b e8 49 8b ce e8 2d f8 f6
  0x00007ffe54f12b9b:   ff 48 8b f8 90 8b c3 f0 0f b1 2f 74 04 f3 90 eb
  0x00007ffe54f12bab:   f4 4c 89 3e 4c 89 7e 08 4c 89 7e 10 49 8b 6e 08


Stack slot to memory mapping:

stack at sp + 0 slots: 0x0000008f008fef18 is pointing into the stack for thread: 0x0000020dffe8f240
stack at sp + 1 slots: 0x0000020dcc00cfb0 points into unknown readable memory: 0x0000000711801ed8 | d8 1e 80 11 07 00 00 00
stack at sp + 2 slots: 0x0 is null
stack at sp + 3 slots: 0x0000020dffe945d0 points into unknown readable memory: 0x6e616c2e6176616a | 6a 61 76 61 2e 6c 61 6e
stack at sp + 4 slots: 0x000000000000001d is an unknown value
stack at sp + 5 slots: 0x00007ffe54f12f9b libasyncProfiler.dll
stack at sp + 6 slots: 0x0 is null
stack at sp + 7 slots: 0x0000020dffe8f608 points into unknown readable memory: 0x00007ffe3ebf17b0 | b0 17 bf 3e fe 7f 00 00

Lock stack of current Java thread (top to bottom):


---------------  P R O C E S S  ---------------

Threads class SMR info:
_java_thread_list=0x0000020d869201b0, length=19, elements={
0x0000020de77f87f0, 0x0000020dffe877e0, 0x0000020dffe89080, 0x0000020dffe8f990,
0x0000020dffe8f240, 0x0000020dffe8eaf0, 0x0000020dffe900e0, 0x0000020dffe954c0,
0x0000020dffeb6230, 0x0000020dffe90830, 0x0000020dffe8dc50, 0x0000020dffe90f80,
0x0000020dffe8e3a0, 0x0000020dcc46c5d0, 0x0000020dcc46cd20, 0x0000020dcc46dbc0,
0x0000020d86b93410, 0x0000020dcc46b730, 0x0000020dcc46ea60
}

Java Threads: ( => current thread )
  0x0000020de77f87f0 JavaThread "main"                              [_thread_in_native, id=3156, stack(0x0000008f7fd00000,0x0000008f7fe00000) (1024K)]
  0x0000020dffe877e0 JavaThread "Reference Handler"          daemon [_thread_blocked, id=11196, stack(0x0000008f00500000,0x0000008f00600000) (1024K)]
  0x0000020dffe89080 JavaThread "Finalizer"                  daemon [_thread_blocked, id=16032, stack(0x0000008f00600000,0x0000008f00700000) (1024K)]
  0x0000020dffe8f990 JavaThread "Signal Dispatcher"          daemon [_thread_blocked, id=13172, stack(0x0000008f00700000,0x0000008f00800000) (1024K)]
=>0x0000020dffe8f240 JavaThread "Attach Listener"            daemon [_thread_in_native, id=4984, stack(0x0000008f00800000,0x0000008f00900000) (1024K)]
  0x0000020dffe8eaf0 JavaThread "Service Thread"             daemon [_thread_blocked, id=4256, stack(0x0000008f00900000,0x0000008f00a00000) (1024K)]
  0x0000020dffe900e0 JavaThread "Monitor Deflation Thread"   daemon [_thread_blocked, id=2348, stack(0x0000008f00a00000,0x0000008f00b00000) (1024K)]
  0x0000020dffe954c0 JavaThread "C2 CompilerThread0"         daemon [_thread_blocked, id=14144, stack(0x0000008f00b00000,0x0000008f00c00000) (1024K)]
  0x0000020dffeb6230 JavaThread "C1 CompilerThread0"         daemon [_thread_blocked, id=13536, stack(0x0000008f00c00000,0x0000008f00d00000) (1024K)]
  0x0000020dffe90830 JavaThread "Common-Cleaner"             daemon [_thread_blocked, id=13696, stack(0x0000008f00d00000,0x0000008f00e00000) (1024K)]
  0x0000020dffe8dc50 JavaThread "Monitor Ctrl-Break"         daemon [_thread_in_native, id=13052, stack(0x0000008f00e00000,0x0000008f00f00000) (1024K)]
  0x0000020dffe90f80 JavaThread "Notification Thread"        daemon [_thread_blocked, id=13832, stack(0x0000008f00f00000,0x0000008f01000000) (1024K)]
  0x0000020dffe8e3a0 JavaThread "RMI TCP Accept-0"           daemon [_thread_in_native, id=8760, stack(0x0000008f01100000,0x0000008f01200000) (1024K)]
  0x0000020dcc46c5d0 JavaThread "RMI TCP Connection(1)-192.168.56.1" daemon [_thread_in_native, id=5560, stack(0x0000008f01200000,0x0000008f01300000) (1024K)]
  0x0000020dcc46cd20 JavaThread "RMI Scheduler(0)"           daemon [_thread_blocked, id=8832, stack(0x0000008f01300000,0x0000008f01400000) (1024K)]
  0x0000020dcc46dbc0 JavaThread "JMX server connection timeout 29" daemon [_thread_blocked, id=11504, stack(0x0000008f01400000,0x0000008f01500000) (1024K)]
  0x0000020d86b93410 JavaThread "C2 CompilerThread1"         daemon [_thread_blocked, id=10144, stack(0x0000008f01000000,0x0000008f01100000) (1024K)]
  0x0000020dcc46b730 JavaThread "JFR Recorder Thread"        daemon [_thread_in_native, id=1044, stack(0x0000008f01500000,0x0000008f01600000) (1024K)]
  0x0000020dcc46ea60 JavaThread "JFR Periodic Tasks"         daemon [_thread_blocked, id=13168, stack(0x0000008f01600000,0x0000008f01700000) (1024K)]
Total: 19

Other Threads:
  0x0000020dffe76850 VMThread "VM Thread"                           [id=11940, stack(0x0000008f00400000,0x0000008f00500000) (1024K)]
  0x0000020dffd44110 WatcherThread "VM Periodic Task Thread"        [id=14160, stack(0x0000008f00300000,0x0000008f00400000) (1024K)]
  0x0000020de7860a80 WorkerThread "GC Thread#0"                     [id=14664, stack(0x0000008f7fe00000,0x0000008f7ff00000) (1024K)]
  0x0000020de7876700 ConcurrentGCThread "G1 Main Marker"            [id=14228, stack(0x0000008f7ff00000,0x0000008f80000000) (1024K)]
  0x0000020de78779b0 WorkerThread "G1 Conc#0"                       [id=14244, stack(0x0000008f00000000,0x0000008f00100000) (1024K)]
  0x0000020dffd32560 ConcurrentGCThread "G1 Refine#0"               [id=11564, stack(0x0000008f00100000,0x0000008f00200000) (1024K)]
  0x0000020dffd32ef0 ConcurrentGCThread "G1 Service"                [id=6072, stack(0x0000008f00200000,0x0000008f00300000) (1024K)]
Total: 7

Threads with active compile tasks:
Total: 0

VM state: not at safepoint (normal execution)

VM Mutex/Monitor currently owned by a thread: None

Heap address: 0x0000000701a00000, size: 4070 MB, Compressed Oops mode: Zero based, Oop shift amount: 3

CDS archive(s) mapped at: [0x0000020d87000000-0x0000020d87d40000-0x0000020d87d40000), size 13893632, SharedBaseAddress: 0x0000020d87000000, ArchiveRelocationMode: 1.
Compressed class space mapped at: 0x0000020d88000000-0x0000020dc8000000, reserved size: 1073741824
UseCompressedClassPointers 1, UseCompactObjectHeaders 0
Narrow klass pointer bits 32, Max shift 3
Narrow klass base: 0x0000020d87000000, Narrow klass shift: 0
Encoding Range: [0x0000020d87000000 - 0x0000020e87000000), (4294967296 bytes)
Klass Range:    [0x0000020d87000000 - 0x0000020dc8000000), (1090519040 bytes)
Klass ID Range:  [8 - 1090519033) (1090519025)

GC Precious Log:
 CardTable entry size: 512
 Card Set container configuration: InlinePtr #cards 4 size 8 Array Of Cards #cards 16 size 48 Howl #buckets 8 coarsen threshold 3686 Howl Bitmap #cards 512 size 80 coarsen threshold 460 Card regions per heap region 1 cards per card region 4096
 CPUs: 4 total, 4 available
 Memory: 16274M
 Large Page Support: Disabled
 NUMA Support: Disabled
 Compressed Oops: Enabled (Zero based)
 Heap Region Size: 2M
 Heap Min Capacity: 8M
 Heap Initial Capacity: 256M
 Heap Max Capacity: 4070M
 Pre-touch: Disabled
 Parallel Workers: 4
 Concurrent Workers: 1
 Concurrent Refinement Workers: 4
 Periodic GC: Disabled

Heap:
 garbage-first heap   total reserved 4167680K, committed 264192K, used 27760K [0x0000000701a00000, 0x0000000800000000)
  region size 2048K, 14 young (28672K), 0 survivors (0K)
 Metaspace       used 7754K, committed 8000K, reserved 1114112K
  class space    used 727K, committed 832K, reserved 1048576K

Heap Regions: E=young(eden), S=young(survivor), O=old, HS=humongous(starts), HC=humongous(continues), CS=collection set, F=free, TAMS=top-at-mark-start, PB=parsable bottom
|   0|0x0000000701a00000, 0x0000000701a00000, 0x0000000701c00000|  0%| F|  |TAMS 0x0000000701a00000| PB 0x0000000701a00000| Untracked |  0
|   1|0x0000000701c00000, 0x0000000701c00000, 0x0000000701e00000|  0%| F|  |TAMS 0x0000000701c00000| PB 0x0000000701c00000| Untracked |  0
|   2|0x0000000701e00000, 0x0000000701e00000, 0x0000000702000000|  0%| F|  |TAMS 0x0000000701e00000| PB 0x0000000701e00000| Untracked |  0
|   3|0x0000000702000000, 0x0000000702000000, 0x0000000702200000|  0%| F|  |TAMS 0x0000000702000000| PB 0x0000000702000000| Untracked |  0
|   4|0x0000000702200000, 0x0000000702200000, 0x0000000702400000|  0%| F|  |TAMS 0x0000000702200000| PB 0x0000000702200000| Untracked |  0
|   5|0x0000000702400000, 0x0000000702400000, 0x0000000702600000|  0%| F|  |TAMS 0x0000000702400000| PB 0x0000000702400000| Untracked |  0
|   6|0x0000000702600000, 0x0000000702600000, 0x0000000702800000|  0%| F|  |TAMS 0x0000000702600000| PB 0x0000000702600000| Untracked |  0
|   7|0x0000000702800000, 0x0000000702800000, 0x0000000702a00000|  0%| F|  |TAMS 0x0000000702800000| PB 0x0000000702800000| Untracked |  0
|   8|0x0000000702a00000, 0x0000000702a00000, 0x0000000702c00000|  0%| F|  |TAMS 0x0000000702a00000| PB 0x0000000702a00000| Untracked |  0
|   9|0x0000000702c00000, 0x0000000702c00000, 0x0000000702e00000|  0%| F|  |TAMS 0x0000000702c00000| PB 0x0000000702c00000| Untracked |  0
|  10|0x0000000702e00000, 0x0000000702e00000, 0x0000000703000000|  0%| F|  |TAMS 0x0000000702e00000| PB 0x0000000702e00000| Untracked |  0
|  11|0x0000000703000000, 0x0000000703000000, 0x0000000703200000|  0%| F|  |TAMS 0x0000000703000000| PB 0x0000000703000000| Untracked |  0
|  12|0x0000000703200000, 0x0000000703200000, 0x0000000703400000|  0%| F|  |TAMS 0x0000000703200000| PB 0x0000000703200000| Untracked |  0
|  13|0x0000000703400000, 0x0000000703400000, 0x0000000703600000|  0%| F|  |TAMS 0x0000000703400000| PB 0x0000000703400000| Untracked |  0
|  14|0x0000000703600000, 0x0000000703600000, 0x0000000703800000|  0%| F|  |TAMS 0x0000000703600000| PB 0x0000000703600000| Untracked |  0
|  15|0x0000000703800000, 0x0000000703800000, 0x0000000703a00000|  0%| F|  |TAMS 0x0000000703800000| PB 0x0000000703800000| Untracked |  0
|  16|0x0000000703a00000, 0x0000000703a00000, 0x0000000703c00000|  0%| F|  |TAMS 0x0000000703a00000| PB 0x0000000703a00000| Untracked |  0
|  17|0x0000000703c00000, 0x0000000703c00000, 0x0000000703e00000|  0%| F|  |TAMS 0x0000000703c00000| PB 0x0000000703c00000| Untracked |  0
|  18|0x0000000703e00000, 0x0000000703e00000, 0x0000000704000000|  0%| F|  |TAMS 0x0000000703e00000| PB 0x0000000703e00000| Untracked |  0
|  19|0x0000000704000000, 0x0000000704000000, 0x0000000704200000|  0%| F|  |TAMS 0x0000000704000000| PB 0x0000000704000000| Untracked |  0
|  20|0x0000000704200000, 0x0000000704200000, 0x0000000704400000|  0%| F|  |TAMS 0x0000000704200000| PB 0x0000000704200000| Untracked |  0
|  21|0x0000000704400000, 0x0000000704400000, 0x0000000704600000|  0%| F|  |TAMS 0x0000000704400000| PB 0x0000000704400000| Untracked |  0
|  22|0x0000000704600000, 0x0000000704600000, 0x0000000704800000|  0%| F|  |TAMS 0x0000000704600000| PB 0x0000000704600000| Untracked |  0
|  23|0x0000000704800000, 0x0000000704800000, 0x0000000704a00000|  0%| F|  |TAMS 0x0000000704800000| PB 0x0000000704800000| Untracked |  0
|  24|0x0000000704a00000, 0x0000000704a00000, 0x0000000704c00000|  0%| F|  |TAMS 0x0000000704a00000| PB 0x0000000704a00000| Untracked |  0
|  25|0x0000000704c00000, 0x0000000704c00000, 0x0000000704e00000|  0%| F|  |TAMS 0x0000000704c00000| PB 0x0000000704c00000| Untracked |  0
|  26|0x0000000704e00000, 0x0000000704e00000, 0x0000000705000000|  0%| F|  |TAMS 0x0000000704e00000| PB 0x0000000704e00000| Untracked |  0
|  27|0x0000000705000000, 0x0000000705000000, 0x0000000705200000|  0%| F|  |TAMS 0x0000000705000000| PB 0x0000000705000000| Untracked |  0
|  28|0x0000000705200000, 0x0000000705200000, 0x0000000705400000|  0%| F|  |TAMS 0x0000000705200000| PB 0x0000000705200000| Untracked |  0
|  29|0x0000000705400000, 0x0000000705400000, 0x0000000705600000|  0%| F|  |TAMS 0x0000000705400000| PB 0x0000000705400000| Untracked |  0
|  30|0x0000000705600000, 0x0000000705600000, 0x0000000705800000|  0%| F|  |TAMS 0x0000000705600000| PB 0x0000000705600000| Untracked |  0
|  31|0x0000000705800000, 0x0000000705800000, 0x0000000705a00000|  0%| F|  |TAMS 0x0000000705800000| PB 0x0000000705800000| Untracked |  0
|  32|0x0000000705a00000, 0x0000000705a00000, 0x0000000705c00000|  0%| F|  |TAMS 0x0000000705a00000| PB 0x0000000705a00000| Untracked |  0
|  33|0x0000000705c00000, 0x0000000705c00000, 0x0000000705e00000|  0%| F|  |TAMS 0x0000000705c00000| PB 0x0000000705c00000| Untracked |  0
|  34|0x0000000705e00000, 0x0000000705e00000, 0x0000000706000000|  0%| F|  |TAMS 0x0000000705e00000| PB 0x0000000705e00000| Untracked |  0
|  35|0x0000000706000000, 0x0000000706000000, 0x0000000706200000|  0%| F|  |TAMS 0x0000000706000000| PB 0x0000000706000000| Untracked |  0
|  36|0x0000000706200000, 0x0000000706200000, 0x0000000706400000|  0%| F|  |TAMS 0x0000000706200000| PB 0x0000000706200000| Untracked |  0
|  37|0x0000000706400000, 0x0000000706400000, 0x0000000706600000|  0%| F|  |TAMS 0x0000000706400000| PB 0x0000000706400000| Untracked |  0
|  38|0x0000000706600000, 0x0000000706600000, 0x0000000706800000|  0%| F|  |TAMS 0x0000000706600000| PB 0x0000000706600000| Untracked |  0
|  39|0x0000000706800000, 0x0000000706800000, 0x0000000706a00000|  0%| F|  |TAMS 0x0000000706800000| PB 0x0000000706800000| Untracked |  0
|  40|0x0000000706a00000, 0x0000000706a00000, 0x0000000706c00000|  0%| F|  |TAMS 0x0000000706a00000| PB 0x0000000706a00000| Untracked |  0
|  41|0x0000000706c00000, 0x0000000706c00000, 0x0000000706e00000|  0%| F|  |TAMS 0x0000000706c00000| PB 0x0000000706c00000| Untracked |  0
|  42|0x0000000706e00000, 0x0000000706e00000, 0x0000000707000000|  0%| F|  |TAMS 0x0000000706e00000| PB 0x0000000706e00000| Untracked |  0
|  43|0x0000000707000000, 0x0000000707000000, 0x0000000707200000|  0%| F|  |TAMS 0x0000000707000000| PB 0x0000000707000000| Untracked |  0
|  44|0x0000000707200000, 0x0000000707200000, 0x0000000707400000|  0%| F|  |TAMS 0x0000000707200000| PB 0x0000000707200000| Untracked |  0
|  45|0x0000000707400000, 0x0000000707400000, 0x0000000707600000|  0%| F|  |TAMS 0x0000000707400000| PB 0x0000000707400000| Untracked |  0
|  46|0x0000000707600000, 0x0000000707600000, 0x0000000707800000|  0%| F|  |TAMS 0x0000000707600000| PB 0x0000000707600000| Untracked |  0
|  47|0x0000000707800000, 0x0000000707800000, 0x0000000707a00000|  0%| F|  |TAMS 0x0000000707800000| PB 0x0000000707800000| Untracked |  0
|  48|0x0000000707a00000, 0x0000000707a00000, 0x0000000707c00000|  0%| F|  |TAMS 0x0000000707a00000| PB 0x0000000707a00000| Untracked |  0
|  49|0x0000000707c00000, 0x0000000707c00000, 0x0000000707e00000|  0%| F|  |TAMS 0x0000000707c00000| PB 0x0000000707c00000| Untracked |  0
|  50|0x0000000707e00000, 0x0000000707e00000, 0x0000000708000000|  0%| F|  |TAMS 0x0000000707e00000| PB 0x0000000707e00000| Untracked |  0
|  51|0x0000000708000000, 0x0000000708000000, 0x0000000708200000|  0%| F|  |TAMS 0x0000000708000000| PB 0x0000000708000000| Untracked |  0
|  52|0x0000000708200000, 0x0000000708200000, 0x0000000708400000|  0%| F|  |TAMS 0x0000000708200000| PB 0x0000000708200000| Untracked |  0
|  53|0x0000000708400000, 0x0000000708400000, 0x0000000708600000|  0%| F|  |TAMS 0x0000000708400000| PB 0x0000000708400000| Untracked |  0
|  54|0x0000000708600000, 0x0000000708600000, 0x0000000708800000|  0%| F|  |TAMS 0x0000000708600000| PB 0x0000000708600000| Untracked |  0
|  55|0x0000000708800000, 0x0000000708800000, 0x0000000708a00000|  0%| F|  |TAMS 0x0000000708800000| PB 0x0000000708800000| Untracked |  0
|  56|0x0000000708a00000, 0x0000000708a00000, 0x0000000708c00000|  0%| F|  |TAMS 0x0000000708a00000| PB 0x0000000708a00000| Untracked |  0
|  57|0x0000000708c00000, 0x0000000708c00000, 0x0000000708e00000|  0%| F|  |TAMS 0x0000000708c00000| PB 0x0000000708c00000| Untracked |  0
|  58|0x0000000708e00000, 0x0000000708e00000, 0x0000000709000000|  0%| F|  |TAMS 0x0000000708e00000| PB 0x0000000708e00000| Untracked |  0
|  59|0x0000000709000000, 0x0000000709000000, 0x0000000709200000|  0%| F|  |TAMS 0x0000000709000000| PB 0x0000000709000000| Untracked |  0
|  60|0x0000000709200000, 0x0000000709200000, 0x0000000709400000|  0%| F|  |TAMS 0x0000000709200000| PB 0x0000000709200000| Untracked |  0
|  61|0x0000000709400000, 0x0000000709400000, 0x0000000709600000|  0%| F|  |TAMS 0x0000000709400000| PB 0x0000000709400000| Untracked |  0
|  62|0x0000000709600000, 0x0000000709600000, 0x0000000709800000|  0%| F|  |TAMS 0x0000000709600000| PB 0x0000000709600000| Untracked |  0
|  63|0x0000000709800000, 0x0000000709800000, 0x0000000709a00000|  0%| F|  |TAMS 0x0000000709800000| PB 0x0000000709800000| Untracked |  0
|  64|0x0000000709a00000, 0x0000000709a00000, 0x0000000709c00000|  0%| F|  |TAMS 0x0000000709a00000| PB 0x0000000709a00000| Untracked |  0
|  65|0x0000000709c00000, 0x0000000709c00000, 0x0000000709e00000|  0%| F|  |TAMS 0x0000000709c00000| PB 0x0000000709c00000| Untracked |  0
|  66|0x0000000709e00000, 0x0000000709e00000, 0x000000070a000000|  0%| F|  |TAMS 0x0000000709e00000| PB 0x0000000709e00000| Untracked |  0
|  67|0x000000070a000000, 0x000000070a000000, 0x000000070a200000|  0%| F|  |TAMS 0x000000070a000000| PB 0x000000070a000000| Untracked |  0
|  68|0x000000070a200000, 0x000000070a200000, 0x000000070a400000|  0%| F|  |TAMS 0x000000070a200000| PB 0x000000070a200000| Untracked |  0
|  69|0x000000070a400000, 0x000000070a400000, 0x000000070a600000|  0%| F|  |TAMS 0x000000070a400000| PB 0x000000070a400000| Untracked |  0
|  70|0x000000070a600000, 0x000000070a600000, 0x000000070a800000|  0%| F|  |TAMS 0x000000070a600000| PB 0x000000070a600000| Untracked |  0
|  71|0x000000070a800000, 0x000000070a800000, 0x000000070aa00000|  0%| F|  |TAMS 0x000000070a800000| PB 0x000000070a800000| Untracked |  0
|  72|0x000000070aa00000, 0x000000070aa00000, 0x000000070ac00000|  0%| F|  |TAMS 0x000000070aa00000| PB 0x000000070aa00000| Untracked |  0
|  73|0x000000070ac00000, 0x000000070ac00000, 0x000000070ae00000|  0%| F|  |TAMS 0x000000070ac00000| PB 0x000000070ac00000| Untracked |  0
|  74|0x000000070ae00000, 0x000000070ae00000, 0x000000070b000000|  0%| F|  |TAMS 0x000000070ae00000| PB 0x000000070ae00000| Untracked |  0
|  75|0x000000070b000000, 0x000000070b000000, 0x000000070b200000|  0%| F|  |TAMS 0x000000070b000000| PB 0x000000070b000000| Untracked |  0
|  76|0x000000070b200000, 0x000000070b200000, 0x000000070b400000|  0%| F|  |TAMS 0x000000070b200000| PB 0x000000070b200000| Untracked |  0
|  77|0x000000070b400000, 0x000000070b400000, 0x000000070b600000|  0%| F|  |TAMS 0x000000070b400000| PB 0x000000070b400000| Untracked |  0
|  78|0x000000070b600000, 0x000000070b600000, 0x000000070b800000|  0%| F|  |TAMS 0x000000070b600000| PB 0x000000070b600000| Untracked |  0
|  79|0x000000070b800000, 0x000000070b800000, 0x000000070ba00000|  0%| F|  |TAMS 0x000000070b800000| PB 0x000000070b800000| Untracked |  0
|  80|0x000000070ba00000, 0x000000070ba00000, 0x000000070bc00000|  0%| F|  |TAMS 0x000000070ba00000| PB 0x000000070ba00000| Untracked |  0
|  81|0x000000070bc00000, 0x000000070bc00000, 0x000000070be00000|  0%| F|  |TAMS 0x000000070bc00000| PB 0x000000070bc00000| Untracked |  0
|  82|0x000000070be00000, 0x000000070be00000, 0x000000070c000000|  0%| F|  |TAMS 0x000000070be00000| PB 0x000000070be00000| Untracked |  0
|  83|0x000000070c000000, 0x000000070c000000, 0x000000070c200000|  0%| F|  |TAMS 0x000000070c000000| PB 0x000000070c000000| Untracked |  0
|  84|0x000000070c200000, 0x000000070c200000, 0x000000070c400000|  0%| F|  |TAMS 0x000000070c200000| PB 0x000000070c200000| Untracked |  0
|  85|0x000000070c400000, 0x000000070c400000, 0x000000070c600000|  0%| F|  |TAMS 0x000000070c400000| PB 0x000000070c400000| Untracked |  0
|  86|0x000000070c600000, 0x000000070c600000, 0x000000070c800000|  0%| F|  |TAMS 0x000000070c600000| PB 0x000000070c600000| Untracked |  0
|  87|0x000000070c800000, 0x000000070c800000, 0x000000070ca00000|  0%| F|  |TAMS 0x000000070c800000| PB 0x000000070c800000| Untracked |  0
|  88|0x000000070ca00000, 0x000000070ca00000, 0x000000070cc00000|  0%| F|  |TAMS 0x000000070ca00000| PB 0x000000070ca00000| Untracked |  0
|  89|0x000000070cc00000, 0x000000070cc00000, 0x000000070ce00000|  0%| F|  |TAMS 0x000000070cc00000| PB 0x000000070cc00000| Untracked |  0
|  90|0x000000070ce00000, 0x000000070ce00000, 0x000000070d000000|  0%| F|  |TAMS 0x000000070ce00000| PB 0x000000070ce00000| Untracked |  0
|  91|0x000000070d000000, 0x000000070d000000, 0x000000070d200000|  0%| F|  |TAMS 0x000000070d000000| PB 0x000000070d000000| Untracked |  0
|  92|0x000000070d200000, 0x000000070d200000, 0x000000070d400000|  0%| F|  |TAMS 0x000000070d200000| PB 0x000000070d200000| Untracked |  0
|  93|0x000000070d400000, 0x000000070d400000, 0x000000070d600000|  0%| F|  |TAMS 0x000000070d400000| PB 0x000000070d400000| Untracked |  0
|  94|0x000000070d600000, 0x000000070d600000, 0x000000070d800000|  0%| F|  |TAMS 0x000000070d600000| PB 0x000000070d600000| Untracked |  0
|  95|0x000000070d800000, 0x000000070d800000, 0x000000070da00000|  0%| F|  |TAMS 0x000000070d800000| PB 0x000000070d800000| Untracked |  0
|  96|0x000000070da00000, 0x000000070da00000, 0x000000070dc00000|  0%| F|  |TAMS 0x000000070da00000| PB 0x000000070da00000| Untracked |  0
|  97|0x000000070dc00000, 0x000000070dc00000, 0x000000070de00000|  0%| F|  |TAMS 0x000000070dc00000| PB 0x000000070dc00000| Untracked |  0
|  98|0x000000070de00000, 0x000000070de00000, 0x000000070e000000|  0%| F|  |TAMS 0x000000070de00000| PB 0x000000070de00000| Untracked |  0
|  99|0x000000070e000000, 0x000000070e000000, 0x000000070e200000|  0%| F|  |TAMS 0x000000070e000000| PB 0x000000070e000000| Untracked |  0
| 100|0x000000070e200000, 0x000000070e200000, 0x000000070e400000|  0%| F|  |TAMS 0x000000070e200000| PB 0x000000070e200000| Untracked |  0
| 101|0x000000070e400000, 0x000000070e400000, 0x000000070e600000|  0%| F|  |TAMS 0x000000070e400000| PB 0x000000070e400000| Untracked |  0
| 102|0x000000070e600000, 0x000000070e600000, 0x000000070e800000|  0%| F|  |TAMS 0x000000070e600000| PB 0x000000070e600000| Untracked |  0
| 103|0x000000070e800000, 0x000000070e800000, 0x000000070ea00000|  0%| F|  |TAMS 0x000000070e800000| PB 0x000000070e800000| Untracked |  0
| 104|0x000000070ea00000, 0x000000070ea00000, 0x000000070ec00000|  0%| F|  |TAMS 0x000000070ea00000| PB 0x000000070ea00000| Untracked |  0
| 105|0x000000070ec00000, 0x000000070ec00000, 0x000000070ee00000|  0%| F|  |TAMS 0x000000070ec00000| PB 0x000000070ec00000| Untracked |  0
| 106|0x000000070ee00000, 0x000000070ee00000, 0x000000070f000000|  0%| F|  |TAMS 0x000000070ee00000| PB 0x000000070ee00000| Untracked |  0
| 107|0x000000070f000000, 0x000000070f000000, 0x000000070f200000|  0%| F|  |TAMS 0x000000070f000000| PB 0x000000070f000000| Untracked |  0
| 108|0x000000070f200000, 0x000000070f200000, 0x000000070f400000|  0%| F|  |TAMS 0x000000070f200000| PB 0x000000070f200000| Untracked |  0
| 109|0x000000070f400000, 0x000000070f400000, 0x000000070f600000|  0%| F|  |TAMS 0x000000070f400000| PB 0x000000070f400000| Untracked |  0
| 110|0x000000070f600000, 0x000000070f600000, 0x000000070f800000|  0%| F|  |TAMS 0x000000070f600000| PB 0x000000070f600000| Untracked |  0
| 111|0x000000070f800000, 0x000000070f800000, 0x000000070fa00000|  0%| F|  |TAMS 0x000000070f800000| PB 0x000000070f800000| Untracked |  0
| 112|0x000000070fa00000, 0x000000070fa00000, 0x000000070fc00000|  0%| F|  |TAMS 0x000000070fa00000| PB 0x000000070fa00000| Untracked |  0
| 113|0x000000070fc00000, 0x000000070fc00000, 0x000000070fe00000|  0%| F|  |TAMS 0x000000070fc00000| PB 0x000000070fc00000| Untracked |  0
| 114|0x000000070fe00000, 0x000000070ff45cd0, 0x0000000710000000| 63%| E|  |TAMS 0x000000070fe00000| PB 0x000000070fe00000| Complete |  0
| 115|0x0000000710000000, 0x0000000710200000, 0x0000000710200000|100%| E|CS|TAMS 0x0000000710000000| PB 0x0000000710000000| Complete |  0
| 116|0x0000000710200000, 0x0000000710400000, 0x0000000710400000|100%| E|CS|TAMS 0x0000000710200000| PB 0x0000000710200000| Complete |  0
| 117|0x0000000710400000, 0x0000000710600000, 0x0000000710600000|100%| E|CS|TAMS 0x0000000710400000| PB 0x0000000710400000| Complete |  0
| 118|0x0000000710600000, 0x0000000710800000, 0x0000000710800000|100%| E|CS|TAMS 0x0000000710600000| PB 0x0000000710600000| Complete |  0
| 119|0x0000000710800000, 0x0000000710a00000, 0x0000000710a00000|100%| E|CS|TAMS 0x0000000710800000| PB 0x0000000710800000| Complete |  0
| 120|0x0000000710a00000, 0x0000000710c00000, 0x0000000710c00000|100%| E|CS|TAMS 0x0000000710a00000| PB 0x0000000710a00000| Complete |  0
| 121|0x0000000710c00000, 0x0000000710e00000, 0x0000000710e00000|100%| E|CS|TAMS 0x0000000710c00000| PB 0x0000000710c00000| Complete |  0
| 122|0x0000000710e00000, 0x0000000711000000, 0x0000000711000000|100%| E|CS|TAMS 0x0000000710e00000| PB 0x0000000710e00000| Complete |  0
| 123|0x0000000711000000, 0x0000000711200000, 0x0000000711200000|100%| E|CS|TAMS 0x0000000711000000| PB 0x0000000711000000| Complete |  0
| 124|0x0000000711200000, 0x0000000711400000, 0x0000000711400000|100%| E|CS|TAMS 0x0000000711200000| PB 0x0000000711200000| Complete |  0
| 125|0x0000000711400000, 0x0000000711600000, 0x0000000711600000|100%| E|CS|TAMS 0x0000000711400000| PB 0x0000000711400000| Complete |  0
| 126|0x0000000711600000, 0x0000000711800000, 0x0000000711800000|100%| E|CS|TAMS 0x0000000711600000| PB 0x0000000711600000| Complete |  0
| 127|0x0000000711800000, 0x0000000711a00000, 0x0000000711a00000|100%| E|CS|TAMS 0x0000000711800000| PB 0x0000000711800000| Complete |  0
|2034|0x00000007ffe00000, 0x00000007fff1c330, 0x0000000800000000| 55%| O|  |TAMS 0x00000007ffe00000| PB 0x00000007ffe00000| Untracked |  0

Card table byte_map: [0x0000020d80000000,0x0000020d80800000] _byte_map_base: 0x0000020d7c7f3000

Marking Bits: (CMBitMap*) 0x0000020de7861190
 Bits: [0x0000020d80800000, 0x0000020d84798000)

Polling page: 0x0000020de55c0000

Metaspace:

Usage:
  Non-class:      6.86 MB used.
      Class:    727.77 KB used.
       Both:      7.57 MB used.

Virtual space:
  Non-class space:       64.00 MB reserved,       7.00 MB ( 11%) committed,  1 nodes.
      Class space:        1.00 GB reserved,     832.00 KB ( <1%) committed,  1 nodes.
             Both:        1.06 GB reserved,       7.81 MB ( <1%) committed. 

Chunk freelists:
   Non-Class:  8.97 MB
       Class:  15.19 MB
        Both:  24.17 MB

MaxMetaspaceSize: unlimited
CompressedClassSpaceSize: 1.00 GB
Initial GC threshold: 21.00 MB
Current GC threshold: 21.00 MB
CDS: on
 - commit_granule_bytes: 65536.
 - commit_granule_words: 8192.
 - virtual_space_node_default_size: 8388608.
 - enlarge_chunks_in_place: 1.
UseCompressedClassPointers 1, UseCompactObjectHeaders 0
Narrow klass pointer bits 32, Max shift 3
Narrow klass base: 0x0000020d87000000, Narrow klass shift: 0
Encoding Range: [0x0000020d87000000 - 0x0000020e87000000), (4294967296 bytes)
Klass Range:    [0x0000020d87000000 - 0x0000020dc8000000), (1090519040 bytes)
Klass ID Range:  [8 - 1090519033) (1090519025)


Internal statistics:

num_allocs_failed_limit: 0.
num_arena_births: 190.
num_arena_deaths: 0.
num_vsnodes_births: 2.
num_vsnodes_deaths: 0.
num_space_committed: 125.
num_space_uncommitted: 0.
num_chunks_returned_to_freelist: 0.
num_chunks_taken_from_freelist: 247.
num_chunk_merges: 0.
num_chunk_splits: 150.
num_chunks_enlarged: 59.
num_inconsistent_stats: 0.

CodeHeap 'non-profiled nmethods': size=120064Kb used=594Kb max_used=594Kb free=119469Kb
 bounds [0x0000020df7b60000, 0x0000020df7dd0000, 0x0000020dff0a0000]
CodeHeap 'profiled nmethods': size=120000Kb used=2585Kb max_used=2585Kb free=117414Kb
 bounds [0x0000020df00a0000, 0x0000020df0330000, 0x0000020df75d0000]
CodeHeap 'non-nmethods': size=5696Kb used=1337Kb max_used=1391Kb free=4358Kb
 bounds [0x0000020df75d0000, 0x0000020df7840000, 0x0000020df7b60000]
CodeCache: size=245760Kb, used=4516Kb, max_used=4570Kb, free=241241Kb
 total_blobs=2366, nmethods=1860, adapters=411, full_count=0
Compilation: enabled, stopped_count=0, restarted_count=0

Compilation events (20 events):
Event: 6.469 Thread 0x0000020dffeb6230 1852       1       jdk.jfr.internal.EventControl::getSettingsId (5 bytes)
Event: 6.469 Thread 0x0000020dffeb6230 nmethod 1852 0x0000020df7bf1c88 code [0x0000020df7bf1d80, 0x0000020df7bf1e48]
Event: 6.469 Thread 0x0000020dffeb6230 1856   !   3       jdk.jfr.internal.Control::setValue (102 bytes)
Event: 6.470 Thread 0x0000020dffeb6230 nmethod 1856 0x0000020df0324288 code [0x0000020df0324520, 0x0000020df0325978]
Event: 6.470 Thread 0x0000020dffeb6230 1854       1       jdk.jfr.internal.PlatformEventType::isEnabled (5 bytes)
Event: 6.470 Thread 0x0000020dffeb6230 nmethod 1854 0x0000020df7bf1f88 code [0x0000020df7bf2080, 0x0000020df7bf2148]
Event: 6.470 Thread 0x0000020dffeb6230 1853       1       jdk.jfr.internal.EventControl::getNamedControls (5 bytes)
Event: 6.470 Thread 0x0000020dffeb6230 nmethod 1853 0x0000020df7bf2288 code [0x0000020df7bf2380, 0x0000020df7bf2448]
Event: 6.471 Thread 0x0000020dffe954c0 nmethod 1826 0x0000020df7bf2588 code [0x0000020df7bf26e0, 0x0000020df7bf2ec0]
Event: 6.471 Thread 0x0000020dffe954c0 1829       4       jdk.jfr.internal.MetadataWriter::writeInt (148 bytes)
Event: 6.474 Thread 0x0000020d86b93410 nmethod 1834 0x0000020df7bf2f08 code [0x0000020df7bf3060, 0x0000020df7bf3630]
Event: 6.474 Thread 0x0000020dffeb6230 1857       1       jdk.jfr.internal.periodic.EventTask::getEventType (5 bytes)
Event: 6.474 Thread 0x0000020dffeb6230 nmethod 1857 0x0000020df7bf3688 code [0x0000020df7bf3780, 0x0000020df7bf3848]
Event: 6.474 Thread 0x0000020dffeb6230 1858       1       jdk.jfr.internal.periodic.PeriodicTask::getPeriod (5 bytes)
Event: 6.474 Thread 0x0000020dffeb6230 nmethod 1858 0x0000020df7bf3988 code [0x0000020df7bf3a80, 0x0000020df7bf3b48]
Event: 6.474 Thread 0x0000020dffeb6230 1859       3       java.util.Comparator$$Lambda/0x0000020d880a3020::compare (10 bytes)
Event: 6.475 Thread 0x0000020dffeb6230 nmethod 1859 0x0000020df0325a08 code [0x0000020df0325b60, 0x0000020df0325fd8]
Event: 6.475 Thread 0x0000020dffeb6230 1860       3       java.util.Comparator::lambda$comparingLong$6043328a$1 (18 bytes)
Event: 6.475 Thread 0x0000020dffe954c0 nmethod 1829 0x0000020df7bf3c88 code [0x0000020df7bf3e60, 0x0000020df7bf48a8]
Event: 6.475 Thread 0x0000020dffeb6230 nmethod 1860 0x0000020df0326008 code [0x0000020df0326160, 0x0000020df0326540]

GC Heap History (0 events):
No events

Dll operation events (13 events):
Event: 0.012 Loaded shared library C:\Users\alesancor7\.jdks\openjdk-24.0.2+12-54\bin\java.dll
Event: 0.039 Loaded shared library C:\Users\alesancor7\.jdks\openjdk-24.0.2+12-54\bin\jsvml.dll
Event: 0.084 Loaded shared library C:\Users\alesancor7\.jdks\openjdk-24.0.2+12-54\bin\zip.dll
Event: 0.088 Loaded shared library C:\Users\alesancor7\.jdks\openjdk-24.0.2+12-54\bin\instrument.dll
Event: 0.094 Loaded shared library C:\Users\alesancor7\.jdks\openjdk-24.0.2+12-54\bin\net.dll
Event: 0.096 Loaded shared library C:\Users\alesancor7\.jdks\openjdk-24.0.2+12-54\bin\nio.dll
Event: 0.102 Loaded shared library C:\Users\alesancor7\.jdks\openjdk-24.0.2+12-54\bin\zip.dll
Event: 0.114 Loaded shared library C:\Program Files (x86)\JetBrains\IntelliJ IDEA 2024.2.4\bin\breakgen64.dll
Event: 0.125 Loaded shared library C:\Users\alesancor7\.jdks\openjdk-24.0.2+12-54\bin\jimage.dll
Event: 0.125 Loaded shared library C:\Users\alesancor7\.jdks\openjdk-24.0.2+12-54\bin\extnet.dll
Event: 0.249 Loaded shared library C:\Users\alesancor7\.jdks\openjdk-24.0.2+12-54\bin\management.dll
Event: 0.262 Loaded shared library C:\Users\alesancor7\.jdks\openjdk-24.0.2+12-54\bin\management_ext.dll
Event: 6.275 Loaded shared library C:\Users\alesancor7\AppData\Local\Temp\idea_libasyncProfiler_dll_temp_folder\libasyncProfiler.dll

Deoptimization events (20 events):
Event: 6.394 Thread 0x0000020dffe8f240 Uncommon trap: trap_request=0xffffff4d fr.pc=0x0000020df7bddf60 relative=0x00000000000000c0
Event: 6.394 Thread 0x0000020dffe8f240 Uncommon trap: reason=unstable_if action=reinterpret pc=0x0000020df7bddf60 method=jdk.jfr.internal.Type.getKnownType(Ljava/lang/Class;)Ljdk/jfr/internal/Type; @ 47 c2
Event: 6.394 Thread 0x0000020dffe8f240 DEOPT PACKING pc=0x0000020df7bddf60 sp=0x0000008f008fe010
Event: 6.394 Thread 0x0000020dffe8f240 DEOPT UNPACKING pc=0x0000020df76e1502 sp=0x0000008f008fdfa8 mode 2
Event: 6.402 Thread 0x0000020dffe8f240 Uncommon trap: trap_request=0xffffff4d fr.pc=0x0000020df7bde530 relative=0x0000000000000270
Event: 6.402 Thread 0x0000020dffe8f240 Uncommon trap: reason=unstable_if action=reinterpret pc=0x0000020df7bde530 method=java.util.concurrent.ConcurrentHashMap.get(Ljava/lang/Object;)Ljava/lang/Object; @ 76 c2
Event: 6.402 Thread 0x0000020dffe8f240 DEOPT PACKING pc=0x0000020df7bde530 sp=0x0000008f008fe030
Event: 6.402 Thread 0x0000020dffe8f240 DEOPT UNPACKING pc=0x0000020df76e1502 sp=0x0000008f008fdfa8 mode 2
Event: 6.409 Thread 0x0000020dffe8f240 Uncommon trap: trap_request=0xffffffcc fr.pc=0x0000020df7be1a6c relative=0x00000000000003ac
Event: 6.409 Thread 0x0000020dffe8f240 Uncommon trap: reason=intrinsic_or_type_checked_inlining action=make_not_entrant pc=0x0000020df7be1a6c method=java.util.Arrays.copyOf([Ljava/lang/Object;ILjava/lang/Class;)[Ljava/lang/Object; @ 35 c2
Event: 6.409 Thread 0x0000020dffe8f240 DEOPT PACKING pc=0x0000020df7be1a6c sp=0x0000008f008fe180
Event: 6.409 Thread 0x0000020dffe8f240 DEOPT UNPACKING pc=0x0000020df76e1502 sp=0x0000008f008fe128 mode 2
Event: 6.457 Thread 0x0000020dffe8f240 Uncommon trap: trap_request=0xffffff4d fr.pc=0x0000020df7bed6ac relative=0x000000000000020c
Event: 6.457 Thread 0x0000020dffe8f240 Uncommon trap: reason=unstable_if action=reinterpret pc=0x0000020df7bed6ac method=java.io.ByteArrayOutputStream.ensureCapacity(I)V @ 11 c2
Event: 6.457 Thread 0x0000020dffe8f240 DEOPT PACKING pc=0x0000020df7bed6ac sp=0x0000008f008fe4a0
Event: 6.457 Thread 0x0000020dffe8f240 DEOPT UNPACKING pc=0x0000020df76e1502 sp=0x0000008f008fe3d8 mode 2
Event: 6.460 Thread 0x0000020dffe8f240 Uncommon trap: trap_request=0xffffff4d fr.pc=0x0000020df7becee4 relative=0x0000000000000064
Event: 6.460 Thread 0x0000020dffe8f240 Uncommon trap: reason=unstable_if action=reinterpret pc=0x0000020df7becee4 method=java.io.ByteArrayOutputStream.ensureCapacity(I)V @ 11 c2
Event: 6.460 Thread 0x0000020dffe8f240 DEOPT PACKING pc=0x0000020df7becee4 sp=0x0000008f008fe390
Event: 6.460 Thread 0x0000020dffe8f240 DEOPT UNPACKING pc=0x0000020df76e1502 sp=0x0000008f008fe310 mode 2

Classes loaded (20 events):
Event: 6.445 Loading class jdk/jfr/internal/MetadataWriter
Event: 6.445 Loading class jdk/jfr/internal/MetadataWriter done
Event: 6.445 Loading class jdk/jfr/internal/MetadataDescriptor$Element
Event: 6.445 Loading class jdk/jfr/internal/MetadataDescriptor$Element done
Event: 6.446 Loading class jdk/jfr/internal/MetadataDescriptor$Attribute
Event: 6.446 Loading class jdk/jfr/internal/MetadataDescriptor$Attribute done
Event: 6.453 Loading class jdk/jfr/internal/consumer/StringParser$Encoding
Event: 6.454 Loading class jdk/jfr/internal/consumer/StringParser$Encoding done
Event: 6.464 Loading class jdk/jfr/internal/consumer/RepositoryFiles
Event: 6.464 Loading class jdk/jfr/internal/consumer/RepositoryFiles done
Event: 6.467 Loading class jdk/jfr/internal/SettingsManager$InternalSetting
Event: 6.467 Loading class jdk/jfr/internal/SettingsManager$InternalSetting done
Event: 6.468 Loading class jdk/jfr/internal/util/Rate
Event: 6.468 Loading class jdk/jfr/internal/util/Rate done
Event: 6.468 Loading class jdk/jfr/internal/util/TimespanUnit
Event: 6.468 Loading class jdk/jfr/internal/util/TimespanUnit done
Event: 6.468 Loading class jdk/jfr/internal/util/ValueParser
Event: 6.468 Loading class jdk/jfr/internal/util/ValueParser done
Event: 6.469 Loading class jdk/jfr/internal/periodic/PeriodicType
Event: 6.470 Loading class jdk/jfr/internal/periodic/PeriodicType done

Classes unloaded (0 events):
No events

Classes redefined (0 events):
No events

Internal exceptions (20 events):
Event: 0.677 Thread 0x0000020dcc46c5d0 Exception <a 'java/lang/NoSuchMethodError'{0x0000000710b2ad88}: 'java.lang.Object java.lang.invoke.Invokers$Holder.invokeExact_MT(java.lang.Object, java.lang.Object, java.lang.Object, java.lang.Object, java.lang.Object, java.lang.Object)'> (0x0000000710b2ad88) 
thrown [s\open\src\hotspot\share\interpreter\linkResolver.cpp, line 805]
Event: 0.690 Thread 0x0000020dcc46c5d0 Exception <a 'java/lang/NoSuchMethodError'{0x0000000710b36b18}: 'java.lang.Object java.lang.invoke.DirectMethodHandle$Holder.invokeInterface(java.lang.Object, java.lang.Object, java.lang.Object, java.lang.Object, java.lang.Object)'> (0x0000000710b36b18) 
thrown [s\open\src\hotspot\share\interpreter\linkResolver.cpp, line 805]
Event: 0.695 Thread 0x0000020dcc46c5d0 Exception <a 'java/lang/NoSuchMethodError'{0x0000000710b81498}: 'double java.lang.invoke.DirectMethodHandle$Holder.invokeInterface(java.lang.Object, java.lang.Object)'> (0x0000000710b81498) 
thrown [s\open\src\hotspot\share\interpreter\linkResolver.cpp, line 805]
Event: 0.696 Thread 0x0000020dcc46c5d0 Exception <a 'java/lang/NoSuchMethodError'{0x0000000710b92108}: 'double java.lang.invoke.DelegatingMethodHandle$Holder.reinvoke_L(java.lang.Object, java.lang.Object)'> (0x0000000710b92108) 
thrown [s\open\src\hotspot\share\interpreter\linkResolver.cpp, line 805]
Event: 1.103 Thread 0x0000020dcc46c5d0 Exception <a 'java/lang/NoSuchMethodError'{0x0000000710bba0a8}: 'long java.lang.invoke.DirectMethodHandle$Holder.invokeVirtual(java.lang.Object, java.lang.Object)'> (0x0000000710bba0a8) 
thrown [s\open\src\hotspot\share\interpreter\linkResolver.cpp, line 805]
Event: 1.103 Thread 0x0000020dcc46c5d0 Exception <a 'java/lang/NoSuchMethodError'{0x0000000710bc2398}: 'java.lang.Object java.lang.invoke.DirectMethodHandle$Holder.invokeStatic(java.lang.Object, long)'> (0x0000000710bc2398) 
thrown [s\open\src\hotspot\share\interpreter\linkResolver.cpp, line 805]
Event: 1.104 Thread 0x0000020dcc46c5d0 Exception <a 'java/lang/NoSuchMethodError'{0x0000000710bd2440}: 'long java.lang.invoke.DelegatingMethodHandle$Holder.reinvoke_L(java.lang.Object, java.lang.Object)'> (0x0000000710bd2440) 
thrown [s\open\src\hotspot\share\interpreter\linkResolver.cpp, line 805]
Event: 6.306 Thread 0x0000020dffe8f240 Exception <a 'java/lang/NoSuchMethodError'{0x00000007108f4170}: 'java.lang.Object java.lang.invoke.DirectMethodHandle$Holder.invokeStatic(java.lang.Object, int, java.lang.Object)'> (0x00000007108f4170) 
thrown [s\open\src\hotspot\share\interpreter\linkResolver.cpp, line 805]
Event: 6.309 Thread 0x0000020dffe8f240 Implicit null exception at 0x0000020df7b99739 to 0x0000020df7b9a14c
Event: 6.309 Thread 0x0000020dffe8f240 Implicit null exception at 0x0000020df7b8b61d to 0x0000020df7b8b699
Event: 6.320 Thread 0x0000020dffe8f240 Exception <a 'java/lang/NoSuchMethodError'{0x0000000710946ca8}: 'void java.lang.invoke.DirectMethodHandle$Holder.invokeStaticInit(java.lang.Object)'> (0x0000000710946ca8) 
thrown [s\open\src\hotspot\share\interpreter\linkResolver.cpp, line 805]
Event: 6.327 Thread 0x0000020dffe8f240 Exception <a 'java/lang/NoSuchMethodError'{0x00000007109a5290}: 'java.lang.Object java.lang.invoke.DirectMethodHandle$Holder.newInvokeSpecial(java.lang.Object, java.lang.Object, java.lang.Object, java.lang.Object, java.lang.Object)'> (0x00000007109a5290) 
thrown [s\open\src\hotspot\share\interpreter\linkResolver.cpp, line 805]
Event: 6.361 Thread 0x0000020dffe8f240 Exception <a 'java/lang/NoSuchMethodError'{0x000000071073a9c0}: 'int java.lang.invoke.DirectMethodHandle$Holder.invokeStatic(java.lang.Object, java.lang.Object, java.lang.Object, java.lang.Object)'> (0x000000071073a9c0) 
thrown [s\open\src\hotspot\share\interpreter\linkResolver.cpp, line 805]
Event: 6.430 Thread 0x0000020dffe8f240 Exception <a 'java/lang/NoSuchMethodError'{0x000000071033e268}: 'void java.lang.invoke.DirectMethodHandle$Holder.invokeSpecial(java.lang.Object, java.lang.Object, int)'> (0x000000071033e268) 
thrown [s\open\src\hotspot\share\interpreter\linkResolver.cpp, line 805]
Event: 6.431 Thread 0x0000020dffe8f240 Exception <a 'java/lang/NoSuchMethodError'{0x0000000710345e88}: 'void java.lang.invoke.Invokers$Holder.invokeExact_MT(java.lang.Object, int, java.lang.Object)'> (0x0000000710345e88) 
thrown [s\open\src\hotspot\share\interpreter\linkResolver.cpp, line 805]
Event: 6.432 Thread 0x0000020dffe8f240 Exception <a 'java/lang/NoSuchMethodError'{0x0000000710360668}: 'void java.lang.invoke.DirectMethodHandle$Holder.invokeStatic(java.lang.Object, java.lang.Object, int)'> (0x0000000710360668) 
thrown [s\open\src\hotspot\share\interpreter\linkResolver.cpp, line 805]
Event: 6.433 Thread 0x0000020dffe8f240 Exception <a 'java/lang/NoSuchMethodError'{0x000000071036f570}: 'java.lang.Object java.lang.invoke.DirectMethodHandle$Holder.newInvokeSpecial(java.lang.Object, java.lang.Object, int)'> (0x000000071036f570) 
thrown [s\open\src\hotspot\share\interpreter\linkResolver.cpp, line 805]
Event: 6.437 Thread 0x0000020dffe8f240 Exception <a 'sun/nio/fs/WindowsException'{0x00000007103a3658}> (0x00000007103a3658) 
thrown [s\open\src\hotspot\share\prims\jni.cpp, line 518]
Event: 6.439 Thread 0x0000020dffe8f240 Exception <a 'sun/nio/fs/WindowsException'{0x00000007103b05e0}> (0x00000007103b05e0) 
thrown [s\open\src\hotspot\share\prims\jni.cpp, line 518]
Event: 6.443 Thread 0x0000020dffe8f240 Exception <a 'sun/nio/fs/WindowsException'{0x00000007100106d8}> (0x00000007100106d8) 
thrown [s\open\src\hotspot\share\prims\jni.cpp, line 518]

VM Operations (12 events):
Event: 0.071 Executing VM operation: HandshakeAllThreads (Deoptimize)
Event: 0.071 Executing VM operation: HandshakeAllThreads (Deoptimize) done
Event: 0.481 Executing VM operation: HandshakeAllThreads (Deoptimize)
Event: 0.481 Executing VM operation: HandshakeAllThreads (Deoptimize) done
Event: 0.552 Executing VM operation: HandshakeAllThreads (Deoptimize)
Event: 0.552 Executing VM operation: HandshakeAllThreads (Deoptimize) done
Event: 0.635 Executing VM operation: HandshakeAllThreads (Deoptimize)
Event: 0.635 Executing VM operation: HandshakeAllThreads (Deoptimize) done
Event: 6.435 Executing VM operation: HandshakeAllThreads (Deoptimize)
Event: 6.435 Executing VM operation: HandshakeAllThreads (Deoptimize) done
Event: 6.465 Executing VM operation: JFRSafepointClear
Event: 6.465 Executing VM operation: JFRSafepointClear done

Memory protections (0 events):
No events

Nmethod flushes (0 events):
No events

Events (20 events):
Event: 0.037 Thread 0x0000020de77f87f0 Thread added: 0x0000020dffe877e0
Event: 0.037 Thread 0x0000020de77f87f0 Thread added: 0x0000020dffe89080
Event: 0.037 Thread 0x0000020de77f87f0 Thread added: 0x0000020dffe8f990
Event: 0.037 Thread 0x0000020de77f87f0 Thread added: 0x0000020dffe8f240
Event: 0.037 Thread 0x0000020de77f87f0 Thread added: 0x0000020dffe8eaf0
Event: 0.037 Thread 0x0000020de77f87f0 Thread added: 0x0000020dffe900e0
Event: 0.037 Thread 0x0000020de77f87f0 Thread added: 0x0000020dffe954c0
Event: 0.038 Thread 0x0000020de77f87f0 Thread added: 0x0000020dffeb6230
Event: 0.091 Thread 0x0000020de77f87f0 Thread added: 0x0000020dffe90830
Event: 0.115 Thread 0x0000020de77f87f0 Thread added: 0x0000020dffe8dc50
Event: 0.115 Thread 0x0000020de77f87f0 Thread added: 0x0000020dffe90f80
Event: 0.357 Thread 0x0000020dffeb6230 Thread added: 0x0000020dcc427d60
Event: 0.561 Thread 0x0000020dffe8f240 Thread added: 0x0000020dffe8e3a0
Event: 0.604 Thread 0x0000020dffe8e3a0 Thread added: 0x0000020dcc46c5d0
Event: 0.625 Thread 0x0000020dcc46c5d0 Thread added: 0x0000020dcc46cd20
Event: 0.633 Thread 0x0000020dcc46c5d0 Thread added: 0x0000020dcc46dbc0
Event: 1.097 Thread 0x0000020dcc427d60 Thread exited: 0x0000020dcc427d60
Event: 6.292 Thread 0x0000020dffeb6230 Thread added: 0x0000020d86b93410
Event: 6.316 Thread 0x0000020dffe8f240 Thread added: 0x0000020dcc46b730
Event: 6.433 Thread 0x0000020dffe8f240 Thread added: 0x0000020dcc46ea60


Dynamic libraries:
0x00007ff74e150000 - 0x00007ff74e15e000 	C:\Users\alesancor7\.jdks\openjdk-24.0.2+12-54\bin\java.exe
0x00007ffea7ea0000 - 0x00007ffea8109000 	C:\WINDOWS\SYSTEM32\ntdll.dll
0x00007ffea73d0000 - 0x00007ffea7499000 	C:\WINDOWS\System32\KERNEL32.DLL
0x00007ffea5620000 - 0x00007ffea5a13000 	C:\WINDOWS\System32\KERNELBASE.dll
0x00007ffea5440000 - 0x00007ffea558b000 	C:\WINDOWS\System32\ucrtbase.dll
0x00007ffe9cd90000 - 0x00007ffe9cda6000 	C:\Users\alesancor7\.jdks\openjdk-24.0.2+12-54\bin\jli.dll
0x00007ffea6330000 - 0x00007ffea64f4000 	C:\WINDOWS\System32\USER32.dll
0x00007ffea5a20000 - 0x00007ffea5a47000 	C:\WINDOWS\System32\win32u.dll
0x00007ffea7e30000 - 0x00007ffea7e5b000 	C:\WINDOWS\System32\GDI32.dll
0x00007ffe9eea0000 - 0x00007ffe9eebb000 	C:\Users\alesancor7\.jdks\openjdk-24.0.2+12-54\bin\VCRUNTIME140.dll
0x00007ffea5310000 - 0x00007ffea543d000 	C:\WINDOWS\System32\gdi32full.dll
0x00007ffea50f0000 - 0x00007ffea5193000 	C:\WINDOWS\System32\msvcp_win.dll
0x00007ffe97a10000 - 0x00007ffe97ca3000 	C:\WINDOWS\WinSxS\amd64_microsoft.windows.common-controls_6595b64144ccf1df_6.0.26100.5074_none_3e0d6f78e32fd63f\COMCTL32.dll
0x00007ffea6500000 - 0x00007ffea65a9000 	C:\WINDOWS\System32\msvcrt.dll
0x00007ffea74a0000 - 0x00007ffea74cf000 	C:\WINDOWS\System32\IMM32.DLL
0x00007ffea0290000 - 0x00007ffea029c000 	C:\Users\alesancor7\.jdks\openjdk-24.0.2+12-54\bin\vcruntime140_1.dll
0x00007ffe8fab0000 - 0x00007ffe8fb3e000 	C:\Users\alesancor7\.jdks\openjdk-24.0.2+12-54\bin\msvcp140.dll
0x00007ffe3dfc0000 - 0x00007ffe3ed61000 	C:\Users\alesancor7\.jdks\openjdk-24.0.2+12-54\bin\server\jvm.dll
0x00007ffea6bc0000 - 0x00007ffea6c74000 	C:\WINDOWS\System32\ADVAPI32.dll
0x00007ffea7d30000 - 0x00007ffea7dd6000 	C:\WINDOWS\System32\sechost.dll
0x00007ffea6690000 - 0x00007ffea67a8000 	C:\WINDOWS\System32\RPCRT4.dll
0x00007ffea67b0000 - 0x00007ffea6824000 	C:\WINDOWS\System32\WS2_32.dll
0x00007ffea4e90000 - 0x00007ffea4eee000 	C:\WINDOWS\SYSTEM32\POWRPROF.dll
0x00007ffe98380000 - 0x00007ffe983b5000 	C:\WINDOWS\SYSTEM32\WINMM.dll
0x00007ffe98df0000 - 0x00007ffe98dfb000 	C:\WINDOWS\SYSTEM32\VERSION.dll
0x00007ffea4e70000 - 0x00007ffea4e84000 	C:\WINDOWS\SYSTEM32\UMPDC.dll
0x00007ffea3e10000 - 0x00007ffea3e2b000 	C:\WINDOWS\SYSTEM32\kernel.appcore.dll
0x00007ffe98b10000 - 0x00007ffe98b1a000 	C:\Users\alesancor7\.jdks\openjdk-24.0.2+12-54\bin\jimage.dll
0x00007ffe983c0000 - 0x00007ffe98602000 	C:\WINDOWS\SYSTEM32\DBGHELP.DLL
0x00007ffea5d80000 - 0x00007ffea60fb000 	C:\WINDOWS\System32\combase.dll
0x00007ffea6830000 - 0x00007ffea6907000 	C:\WINDOWS\System32\OLEAUT32.dll
0x00007ffe95d20000 - 0x00007ffe95d5d000 	C:\WINDOWS\SYSTEM32\dbgcore.DLL
0x00007ffea5a50000 - 0x00007ffea5ae9000 	C:\WINDOWS\System32\bcryptPrimitives.dll
0x00007ffe98a60000 - 0x00007ffe98a6f000 	C:\Users\alesancor7\.jdks\openjdk-24.0.2+12-54\bin\instrument.dll
0x00007ffe90310000 - 0x00007ffe9032e000 	C:\Users\alesancor7\.jdks\openjdk-24.0.2+12-54\bin\java.dll
0x00007ffea6a20000 - 0x00007ffea6bb8000 	C:\WINDOWS\System32\ole32.dll
0x00007ffea6c80000 - 0x00007ffea73cd000 	C:\WINDOWS\System32\SHELL32.dll
0x00007ffea51a0000 - 0x00007ffea530c000 	C:\WINDOWS\System32\wintypes.dll
0x00007ffea2cd0000 - 0x00007ffea3529000 	C:\WINDOWS\SYSTEM32\windows.storage.dll
0x00007ffea6920000 - 0x00007ffea6a10000 	C:\WINDOWS\System32\SHCORE.dll
0x00007ffea6610000 - 0x00007ffea6672000 	C:\WINDOWS\System32\shlwapi.dll
0x00007ffea4f50000 - 0x00007ffea4f79000 	C:\WINDOWS\SYSTEM32\profapi.dll
0x00007ffe58a60000 - 0x00007ffe58b37000 	C:\Users\alesancor7\.jdks\openjdk-24.0.2+12-54\bin\jsvml.dll
0x00007ffe901a0000 - 0x00007ffe901b7000 	C:\Users\alesancor7\.jdks\openjdk-24.0.2+12-54\bin\zip.dll
0x00007ffe96360000 - 0x00007ffe96370000 	C:\Users\alesancor7\.jdks\openjdk-24.0.2+12-54\bin\net.dll
0x00007ffea4390000 - 0x00007ffea43fb000 	C:\WINDOWS\system32\mswsock.dll
0x00007ffe8fe70000 - 0x00007ffe8fe86000 	C:\Users\alesancor7\.jdks\openjdk-24.0.2+12-54\bin\nio.dll
0x00007ffe8fd80000 - 0x00007ffe8fd9a000 	C:\Program Files (x86)\JetBrains\IntelliJ IDEA 2024.2.4\bin\breakgen64.dll
0x00007ffe95990000 - 0x00007ffe95999000 	C:\Users\alesancor7\.jdks\openjdk-24.0.2+12-54\bin\extnet.dll
0x00007ffea38c0000 - 0x00007ffea39e6000 	C:\WINDOWS\SYSTEM32\DNSAPI.dll
0x00007ffea3830000 - 0x00007ffea3864000 	C:\WINDOWS\SYSTEM32\IPHLPAPI.DLL
0x00007ffea7560000 - 0x00007ffea756a000 	C:\WINDOWS\System32\NSI.dll
0x00007ffe9cc70000 - 0x00007ffe9cc7b000 	C:\Windows\System32\rasadhlp.dll
0x00007ffe9d310000 - 0x00007ffe9d396000 	C:\WINDOWS\System32\fwpuclnt.dll
0x00007ffe950a0000 - 0x00007ffe950aa000 	C:\Users\alesancor7\.jdks\openjdk-24.0.2+12-54\bin\management.dll
0x00007ffe94f60000 - 0x00007ffe94f6b000 	C:\Users\alesancor7\.jdks\openjdk-24.0.2+12-54\bin\management_ext.dll
0x00007ffea7bc0000 - 0x00007ffea7bc8000 	C:\WINDOWS\System32\PSAPI.DLL
0x00007ffea4640000 - 0x00007ffea465b000 	C:\WINDOWS\SYSTEM32\CRYPTSP.dll
0x00007ffea3d70000 - 0x00007ffea3dab000 	C:\WINDOWS\system32\rsaenh.dll
0x00007ffea4430000 - 0x00007ffea445b000 	C:\WINDOWS\SYSTEM32\USERENV.dll
0x00007ffea4f20000 - 0x00007ffea4f46000 	C:\WINDOWS\SYSTEM32\bcrypt.dll
0x00007ffea4630000 - 0x00007ffea463c000 	C:\WINDOWS\SYSTEM32\CRYPTBASE.dll
0x00007ffe90700000 - 0x00007ffe90718000 	C:\WINDOWS\system32\napinsp.dll
0x00007ffe906e0000 - 0x00007ffe906f2000 	C:\WINDOWS\System32\winrnr.dll
0x00007ffe906b0000 - 0x00007ffe906d8000 	C:\WINDOWS\system32\nlansp_c.dll
0x00007ffe90690000 - 0x00007ffe906a6000 	C:\WINDOWS\system32\wshbth.dll
0x00007ffe95e10000 - 0x00007ffe95e66000 	C:\WINDOWS\SYSTEM32\pdh.dll
0x00007ffea0270000 - 0x00007ffea0282000 	C:\WINDOWS\System32\perfproc.dll
0x00007ffe94310000 - 0x00007ffe94321000 	C:\WINDOWS\System32\perfos.dll
0x00007ffea23b0000 - 0x00007ffea23c2000 	C:\WINDOWS\SYSTEM32\pfclient.dll
0x00007ffe54e80000 - 0x00007ffe55079000 	C:\Users\alesancor7\AppData\Local\Temp\idea_libasyncProfiler_dll_temp_folder\libasyncProfiler.dll

JVMTI agents:
C:\Program Files (x86)\JetBrains\IntelliJ IDEA 2024.2.4\lib\idea_rt.jar path:C:\Users\alesancor7\.jdks\openjdk-24.0.2+12-54\bin\instrument.dll, loaded, initialized, instrumentlib options:58881:C:\Program Files (x86)\JetBrains\IntelliJ IDEA 2024.2.4\bin

dbghelp: loaded successfully - version: 4.0.5 - missing functions: none
symbol engine: initialized successfully - sym options: 0x614 - pdb path: .;C:\Users\alesancor7\.jdks\openjdk-24.0.2+12-54\bin;C:\WINDOWS\SYSTEM32;C:\WINDOWS\WinSxS\amd64_microsoft.windows.common-controls_6595b64144ccf1df_6.0.26100.5074_none_3e0d6f78e32fd63f;C:\Users\alesancor7\.jdks\openjdk-24.0.2+12-54\bin\server;C:\Program Files (x86)\JetBrains\IntelliJ IDEA 2024.2.4\bin;C:\Users\alesancor7\AppData\Local\Temp\idea_libasyncProfiler_dll_temp_folder

VM Arguments:
jvm_args: -javaagent:C:\Program Files (x86)\JetBrains\IntelliJ IDEA 2024.2.4\lib\idea_rt.jar=58881:C:\Program Files (x86)\JetBrains\IntelliJ IDEA 2024.2.4\bin -Dfile.encoding=UTF-8 -Dsun.stdout.encoding=UTF-8 -Dsun.stderr.encoding=UTF-8 
java_command: Notepad
java_class_path (initial): C:\Users\alesancor7\Documents\GitHub\Acceso_A_Datos\Unit2\Ejercicio5.4-1\out\production\Ejercicio5.4-1
Launcher Type: SUN_STANDARD

[Global flags]
     intx CICompilerCount                          = 3                                         {product} {ergonomic}
     uint ConcGCThreads                            = 1                                         {product} {ergonomic}
     bool FlightRecorder                           = true                                      {product} {management}
     uint G1ConcRefinementThreads                  = 4                                         {product} {ergonomic}
   size_t G1HeapRegionSize                         = 2097152                                   {product} {ergonomic}
   size_t InitialHeapSize                          = 268435456                                 {product} {ergonomic}
   size_t MarkStackSize                            = 4194304                                   {product} {ergonomic}
   size_t MarkStackSizeMax                         = 536870912                                 {product} {ergonomic}
   size_t MaxHeapSize                              = 4267704320                                {product} {ergonomic}
   size_t MaxNewSize                               = 2560622592                                {product} {ergonomic}
   size_t MinHeapDeltaBytes                        = 2097152                                   {product} {ergonomic}
   size_t MinHeapSize                              = 8388608                                   {product} {ergonomic}
    uintx NonNMethodCodeHeapSize                   = 5832704                                {pd product} {ergonomic}
    uintx NonProfiledCodeHeapSize                  = 122945536                              {pd product} {ergonomic}
    uintx ProfiledCodeHeapSize                     = 122880000                              {pd product} {ergonomic}
    uintx ReservedCodeCacheSize                    = 251658240                              {pd product} {ergonomic}
     bool SegmentedCodeCache                       = true                                      {product} {ergonomic}
   size_t SoftMaxHeapSize                          = 4267704320                             {manageable} {ergonomic}
     bool UseCompressedOops                        = true                           {product lp64_product} {ergonomic}
     bool UseG1GC                                  = true                                      {product} {ergonomic}
     bool UseLargePagesIndividualAllocation        = false                                  {pd product} {ergonomic}

Logging:
Log output configuration:
 #0: stdout all=warning uptime,level,tags foldmultilines=false
 #1: stderr all=off uptime,level,tags foldmultilines=false

Environment Variables:
PATH=C:\WINDOWS\system32;C:\WINDOWS;C:\WINDOWS\System32\Wbem;C:\WINDOWS\System32\WindowsPowerShell\v1.0\;C:\WINDOWS\System32\OpenSSH\;C:\Program Files\AutoFirma\AutoFirma;C:\Program Files\nodejs\;C:\Program Files\Microsoft VS Code\bin;C:\Program Files\Git\cmd;C:\Program Files (x86)\Microsoft SQL Server\160\DTS\Binn\;C:\Program Files\Microsoft SQL Server\150\Tools\Binn\;C:\Program Files\Microsoft SQL Server\Client SDK\ODBC\170\Tools\Binn\;C:\Program Files\dotnet\;C:\Users\alesancor7\AppData\Local\Microsoft\WindowsApps;C:\Users\alesancor7\AppData\Local\GitHubDesktop\bin;C:\ProgramData\alesancor7\GitHubDesktop\bin;D:\flutter\bin
USERNAME=alesancor7
OS=Windows_NT
PROCESSOR_IDENTIFIER=Intel64 Family 6 Model 60 Stepping 3, GenuineIntel
TMP=C:\Users\ALESAN~1\AppData\Local\Temp
TEMP=C:\Users\ALESAN~1\AppData\Local\Temp




Periodic native trim disabled

---------------  S Y S T E M  ---------------

OS:
 Windows 11 , 64 bit Build 26100 (10.0.26100.5074)
OS uptime: 2 days 3:32 hours

CPU: total 4 (initial active 4) (4 cores per cpu, 1 threads per core) family 6 model 60 stepping 3 microcode 0x28, cx8, cmov, fxsr, mmx, sse, sse2, sse3, ssse3, sse4.1, sse4.2, popcnt, lzcnt, tsc, tscinvbit, avx, avx2, aes, erms, clmul, bmi1, bmi2, fma, vzeroupper, clflush, rdtscp, f16c
Processor Information for the first 4 processors :
  Max Mhz: 3301, Current Mhz: 3301, Mhz Limit: 3301

Memory: 4k page, system-wide physical 16274M (9584M free)
TotalPageFile size 17298M (AvailPageFile size 8752M)
current process WorkingSet (physical memory assigned to process): 99M, peak: 99M
current process commit charge ("private bytes"): 390M, peak: 392M

vm_info: OpenJDK 64-Bit Server VM (24.0.2+12-54) for windows-amd64 JRE (24.0.2+12-54), built on 2025-07-08T12:10:27Z with MS VC++ 17.6 (VS2022)

END.
